<?xml version="1.0" encoding="UTF-8"?>
<!-- Generated by org.testng.reporters.JUnitReportReporter -->
<testsuite skipped="1" hostname="HP-New" name="webApplication.testingFramework.runner.runTest" tests="1" failures="0" timestamp="2020-04-16T15:25:54 IST" time="0.143" errors="0">
  <testcase name="runScenario" time="0.143" classname="webApplication.testingFramework.runner.runTest">
    <skipped/>
  </testcase> <!-- runScenario -->
</testsuite> <!-- webApplication.testingFramework.runner.runTest -->
