<?xml version="1.0" encoding="UTF-8"?>
<!-- Generated by org.testng.reporters.JUnitReportReporter -->
<testsuite skipped="0" hostname="HP-New" name="webApplication.testingFramework.runner.runTest" tests="1" failures="0" timestamp="2020-04-24T18:18:52 IST" time="0.043" errors="0">
  <testcase name="feature" time="0.043" classname="webApplication.testingFramework.runner.runTest"/>
</testsuite> <!-- webApplication.testingFramework.runner.runTest -->
