<?xml version="1.0" encoding="UTF-8"?>
<!-- Generated by org.testng.reporters.JUnitReportReporter -->
<testsuite skipped="0" hostname="HP-New" name="WebApplication.TestingFramework.base" tests="1" failures="0" timestamp="2020-03-14T14:39:24 IST" time="19.408" errors="0">
  <testcase name="setDriver" time="19.408" classname="WebApplication.TestingFramework.base"/>
</testsuite> <!-- WebApplication.TestingFramework.base -->
