<?xml version="1.0" encoding="UTF-8"?>
<!-- Generated by org.testng.reporters.JUnitReportReporter -->
<testsuite skipped="1" hostname="HP-New" name="webApplication.runner.TestRunner" tests="1" failures="0" timestamp="2020-04-16T14:34:51 IST" time="0.147" errors="0">
  <testcase name="runScenario" time="0.147" classname="webApplication.runner.TestRunner">
    <skipped/>
  </testcase> <!-- runScenario -->
</testsuite> <!-- webApplication.runner.TestRunner -->
