<?xml version="1.0" encoding="UTF-8"?>
<!-- Generated by org.testng.reporters.JUnitReportReporter -->
<testsuite skipped="0" hostname="HP-New" name="WebApplication.TestingFramework.SeleniumBaseFramework.base" tests="1" failures="0" timestamp="2020-04-15T11:25:33 IST" time="0.007" errors="0">
  <testcase name="login" time="0.007" classname="WebApplication.TestingFramework.SeleniumBaseFramework.base"/>
</testsuite> <!-- WebApplication.TestingFramework.SeleniumBaseFramework.base -->
